# JRE version: Java(TM) SE Runtime Environment (16.0.2+7) (build 16.0.2+7-67)
# Java VM: Java HotSpot(TM) 64-Bit Server VM (16.0.2+7-67, mixed mode, sharing, tiered, compressed oops, compressed class ptrs, g1 gc, windows-amd64)
GC Precious Log:
 CPUs: 8 total, 8 available
 Memory: 7976M
 Large Page Support: Disabled
 NUMA Support: Disabled
 Compressed Oops: Enabled (32-bit)
 Heap Region Size: 1M
 Heap Min Capacity: 8M
 Heap Initial Capacity: 126M
 Heap Max Capacity: 1996M
 Pre-touch: Disabled
 Parallel Workers: 8
 Concurrent Workers: 2
 Concurrent Refinement Workers: 8
 Periodic GC: Disabled
Heap:
 garbage-first heap   total 90112K, used 47826K [0x0000000083400000, 0x0000000100000000)
  region size 1024K, 29 young (29696K), 2 survivors (2048K)
 Metaspace       used 36799K, committed 37120K, reserved 1089536K
  class space    used 4610K, committed 4736K, reserved 1048576K
GC Heap History (20 events):
Event: 0.791 GC heap before
{Heap before GC invocations=0 (full 0):
 garbage-first heap   total 129024K, used 23552K [0x0000000083400000, 0x0000000100000000)
  region size 1024K, 23 young (23552K), 0 survivors (0K)
 Metaspace       used 4300K, committed 4416K, reserved 1056768K
  class space    used 461K, committed 512K, reserved 1048576K
}
Event: 0.799 GC heap after
{Heap after GC invocations=1 (full 0):
 garbage-first heap   total 129024K, used 6091K [0x0000000083400000, 0x0000000100000000)
  region size 1024K, 3 young (3072K), 3 survivors (3072K)
 Metaspace       used 4300K, committed 4416K, reserved 1056768K
  class space    used 461K, committed 512K, reserved 1048576K
}
Event: 0.918 GC heap before
{Heap before GC invocations=1 (full 0):
 garbage-first heap   total 129024K, used 34763K [0x0000000083400000, 0x0000000100000000)
  region size 1024K, 32 young (32768K), 3 survivors (3072K)
 Metaspace       used 4665K, committed 4800K, reserved 1056768K
  class space    used 509K, committed 576K, reserved 1048576K
}
Event: 0.922 GC heap after
{Heap after GC invocations=2 (full 0):
 garbage-first heap   total 129024K, used 6342K [0x0000000083400000, 0x0000000100000000)
  region size 1024K, 1 young (1024K), 1 survivors (1024K)
 Metaspace       used 4665K, committed 4800K, reserved 1056768K
  class space    used 509K, committed 576K, reserved 1048576K
}
Event: 3.030 GC heap before
{Heap before GC invocations=2 (full 0):
 garbage-first heap   total 129024K, used 81094K [0x0000000083400000, 0x0000000100000000)
  region size 1024K, 75 young (76800K), 1 survivors (1024K)
 Metaspace       used 20023K, committed 20288K, reserved 1073152K
  class space    used 2446K, committed 2560K, reserved 1048576K
}
Event: 3.037 GC heap after
{Heap after GC invocations=3 (full 0):
 garbage-first heap   total 129024K, used 11006K [0x0000000083400000, 0x0000000100000000)
  region size 1024K, 5 young (5120K), 5 survivors (5120K)
 Metaspace       used 20023K, committed 20288K, reserved 1073152K
  class space    used 2446K, committed 2560K, reserved 1048576K
}
Event: 3.481 GC heap before
{Heap before GC invocations=3 (full 0):
 garbage-first heap   total 129024K, used 51966K [0x0000000083400000, 0x0000000100000000)
  region size 1024K, 47 young (48128K), 5 survivors (5120K)
 Metaspace       used 21051K, committed 21248K, reserved 1073152K
  class space    used 2572K, committed 2688K, reserved 1048576K
}
Event: 3.487 GC heap after
{Heap after GC invocations=4 (full 0):
 garbage-first heap   total 129024K, used 11999K [0x0000000083400000, 0x0000000100000000)
  region size 1024K, 6 young (6144K), 6 survivors (6144K)
 Metaspace       used 21051K, committed 21248K, reserved 1073152K
  class space    used 2572K, committed 2688K, reserved 1048576K
}
Event: 4.224 GC heap before
{Heap before GC invocations=5 (full 0):
 garbage-first heap   total 45056K, used 32479K [0x0000000083400000, 0x0000000100000000)
  region size 1024K, 26 young (26624K), 6 survivors (6144K)
 Metaspace       used 23977K, committed 24192K, reserved 1073152K
  class space    used 2977K, committed 3072K, reserved 1048576K
}
Event: 4.233 GC heap after
{Heap after GC invocations=6 (full 0):
 garbage-first heap   total 45056K, used 13698K [0x0000000083400000, 0x0000000100000000)
  region size 1024K, 3 young (3072K), 3 survivors (3072K)
 Metaspace       used 23977K, committed 24192K, reserved 1073152K
  class space    used 2977K, committed 3072K, reserved 1048576K
}
Event: 4.820 GC heap before
{Heap before GC invocations=6 (full 0):
 garbage-first heap   total 45056K, used 33154K [0x0000000083400000, 0x0000000100000000)
  region size 1024K, 22 young (22528K), 3 survivors (3072K)
 Metaspace       used 26378K, committed 26688K, reserved 1073152K
  class space    used 3301K, committed 3456K, reserved 1048576K
}
Event: 4.826 GC heap after
{Heap after GC invocations=7 (full 0):
 garbage-first heap   total 45056K, used 15059K [0x0000000083400000, 0x0000000100000000)
  region size 1024K, 3 young (3072K), 3 survivors (3072K)
 Metaspace       used 26378K, committed 26688K, reserved 1073152K
  class space    used 3301K, committed 3456K, reserved 1048576K
}
Event: 5.428 GC heap before
{Heap before GC invocations=7 (full 0):
 garbage-first heap   total 45056K, used 32467K [0x0000000083400000, 0x0000000100000000)
  region size 1024K, 21 young (21504K), 3 survivors (3072K)
 Metaspace       used 29360K, committed 29696K, reserved 1081344K
  class space    used 3665K, committed 3840K, reserved 1048576K
}
Event: 5.434 GC heap after
{Heap after GC invocations=8 (full 0):
 garbage-first heap   total 45056K, used 19881K [0x0000000083400000, 0x0000000100000000)
  region size 1024K, 3 young (3072K), 3 survivors (3072K)
 Metaspace       used 29360K, committed 29696K, reserved 1081344K
  class space    used 3665K, committed 3840K, reserved 1048576K
}
Event: 5.437 GC heap before
{Heap before GC invocations=8 (full 0):
 garbage-first heap   total 45056K, used 31145K [0x0000000083400000, 0x0000000100000000)
  region size 1024K, 15 young (15360K), 3 survivors (3072K)
 Metaspace       used 29360K, committed 29696K, reserved 1081344K
  class space    used 3665K, committed 3840K, reserved 1048576K
}
Event: 5.439 GC heap after
{Heap after GC invocations=9 (full 0):
 garbage-first heap   total 45056K, used 20216K [0x0000000083400000, 0x0000000100000000)
  region size 1024K, 1 young (1024K), 1 survivors (1024K)
 Metaspace       used 29360K, committed 29696K, reserved 1081344K
  class space    used 3665K, committed 3840K, reserved 1048576K
}
Event: 5.441 GC heap before
{Heap before GC invocations=9 (full 0):
 garbage-first heap   total 45056K, used 31480K [0x0000000083400000, 0x0000000100000000)
  region size 1024K, 13 young (13312K), 1 survivors (1024K)
 Metaspace       used 29360K, committed 29696K, reserved 1081344K
  class space    used 3665K, committed 3840K, reserved 1048576K
}
Event: 5.443 GC heap after
{Heap after GC invocations=10 (full 0):
 garbage-first heap   total 90112K, used 20232K [0x0000000083400000, 0x0000000100000000)
  region size 1024K, 1 young (1024K), 1 survivors (1024K)
 Metaspace       used 29360K, committed 29696K, reserved 1081344K
  class space    used 3665K, committed 3840K, reserved 1048576K
}
Event: 5.762 GC heap before
{Heap before GC invocations=11 (full 0):
 garbage-first heap   total 90112K, used 69384K [0x0000000083400000, 0x0000000100000000)
  region size 1024K, 50 young (51200K), 1 survivors (1024K)
 Metaspace       used 30578K, committed 30912K, reserved 1081344K
  class space    used 3777K, committed 3904K, reserved 1048576K
}
Event: 5.764 GC heap after
{Heap after GC invocations=12 (full 0):
 garbage-first heap   total 90112K, used 21202K [0x0000000083400000, 0x0000000100000000)
  region size 1024K, 2 young (2048K), 2 survivors (2048K)
 Metaspace       used 30578K, committed 30912K, reserved 1081344K
  class space    used 3777K, committed 3904K, reserved 1048576K
}

